<?xml version="1.0" encoding="UTF-8"?>
<!-- Generated by org.testng.reporters.JUnitReportReporter -->
<testsuite hostname="DESKTOP-3PGB4II" failures="0" tests="1" name="testFeaturesOfHudl" time="56.388" errors="0" timestamp="21 Jul 2024 09:51:52 GMT">
  <testcase classname="testFeaturesOfHudl" name="testLoginAndSearchFeature" time="56.388"/>
</testsuite> <!-- testFeaturesOfHudl -->
