<?xml version="1.0" encoding="UTF-8"?>
<!-- Generated by org.testng.reporters.JUnitReportReporter -->
<testsuite hostname="DESKTOP-3PGB4II" failures="0" tests="1" name="NewTestClass" time="4.002" errors="0" timestamp="20 Jul 2024 09:28:06 GMT">
  <testcase classname="NewTestClass" name="testEasyma" time="4.002"/>
</testsuite> <!-- NewTestClass -->
